<?xml version="1.0" encoding="UTF-8"?>
<!-- Generated by org.testng.reporters.JUnitReportReporter -->
<testsuite hostname="Ravi" failures="0" tests="1" name="com.ecommerceQA.testcases.CartProductTest" time="1.926" errors="0" timestamp="2023-12-29T16:22:20 IST" skipped="0">
  <testcase classname="com.ecommerceQA.testcases.CartProductTest" name="validProductsIncart" time="1.926"/>
  <system-out/>
</testsuite> <!-- com.ecommerceQA.testcases.CartProductTest -->
