<?xml version="1.0" encoding="UTF-8"?>
<!-- Generated by org.testng.reporters.JUnitReportReporter -->
<testsuite hostname="Ravi" failures="0" tests="1" name="com.ecommerceQA.testcases.FilterResultTest" time="1.345" errors="0" timestamp="2023-12-29T14:23:54 IST" skipped="0">
  <testcase classname="com.ecommerceQA.testcases.FilterResultTest" name="filterTestByName" time="1.345"/>
  <system-out/>
</testsuite> <!-- com.ecommerceQA.testcases.FilterResultTest -->
