<?xml version="1.0" encoding="UTF-8"?>
<!-- Generated by org.testng.reporters.JUnitReportReporter -->
<testsuite hostname="Ravi" failures="0" tests="1" name="com.ecommerceQA.testcases.LoginVarificatonTest" time="0.698" errors="0" timestamp="2023-12-27T23:19:00 IST" skipped="0">
  <testcase classname="com.ecommerceQA.testcases.LoginVarificatonTest" name="loginVarification" time="0.698"/>
  <system-out/>
</testsuite> <!-- com.ecommerceQA.testcases.LoginVarificatonTest -->
