<?xml version="1.0" encoding="UTF-8"?>
<!-- Generated by org.testng.reporters.JUnitReportReporter -->
<testsuite hostname="Ravi" failures="0" tests="1" name="com.ecommerceQA.testcases.SubmitOrderTest" time="2.966" errors="0" timestamp="2023-12-29T17:11:52 IST" skipped="0">
  <testcase classname="com.ecommerceQA.testcases.SubmitOrderTest" name="submitProduct" time="2.966"/>
  <system-out/>
</testsuite> <!-- com.ecommerceQA.testcases.SubmitOrderTest -->
